SF:./lib/navigation/app_navigation_stack.dart
DA:5,8
DA:9,4
LF:2
LH:2
end_of_record
SF:./lib/navigation/navigation_route_information_parser.dart
DA:13,1
DA:16,1
DA:22,1
DA:27,1
DA:33,1
DA:34,1
DA:35,1
DA:36,2
DA:38,0
DA:42,0
DA:44,0
DA:45,0
DA:47,0
DA:48,0
DA:50,0
LF:15
LH:8
end_of_record
SF:./lib/navigation/navigation_stack_item.dart
DA:8,0
DA:10,0
DA:12,0
DA:14,0
LF:4
LH:0
end_of_record
SF:./lib/art_object_detail/art_object_detail_page.dart
DA:9,1
DA:12,1
DA:16,1
DA:18,1
DA:19,1
DA:20,2
DA:21,3
LF:7
LH:7
end_of_record
SF:./lib/art_object_detail/art_object_detail_view.dart
DA:10,1
DA:12,1
DA:13,1
DA:17,0
DA:18,0
DA:20,0
DA:21,0
DA:24,1
DA:26,1
DA:28,1
DA:29,1
DA:30,0
DA:31,0
DA:32,0
DA:33,0
DA:36,0
DA:37,0
DA:39,0
DA:42,1
DA:43,1
DA:44,1
DA:45,1
DA:47,1
DA:48,1
DA:49,2
DA:51,1
DA:52,1
DA:53,1
DA:55,0
DA:60,1
DA:61,1
DA:62,1
DA:64,0
DA:66,1
DA:69,0
DA:70,0
DA:83,1
DA:86,1
DA:90,1
DA:92,1
DA:93,1
DA:95,4
DA:96,1
DA:98,1
DA:100,3
DA:106,4
DA:107,1
DA:109,1
DA:111,3
DA:117,4
DA:118,1
DA:120,1
DA:122,3
DA:134,1
DA:137,1
DA:141,1
DA:143,1
DA:144,1
DA:145,1
DA:155,1
DA:159,1
DA:164,1
DA:166,1
DA:167,1
DA:168,1
DA:170,1
DA:171,1
DA:172,1
DA:173,1
DA:175,2
DA:181,1
DA:183,1
DA:185,3
DA:190,1
DA:192,1
DA:194,3
DA:204,1
DA:207,1
DA:211,1
DA:213,1
DA:214,1
DA:215,1
DA:228,1
DA:231,1
DA:235,1
DA:237,1
DA:238,1
DA:239,1
DA:252,1
DA:256,1
DA:261,1
DA:263,1
DA:265,1
DA:266,1
DA:277,1
DA:279,0
DA:281,1
DA:283,1
DA:285,1
LF:99
LH:83
end_of_record
SF:./lib/art_object_list/art_object_list_header.dart
DA:5,1
DA:8,1
DA:12,1
DA:14,1
DA:16,1
DA:17,1
LF:6
LH:6
end_of_record
SF:./lib/art_object_list/art_object_list_page.dart
DA:8,1
DA:10,0
DA:12,1
DA:14,1
DA:15,1
DA:16,2
DA:17,1
LF:7
LH:6
end_of_record
SF:./lib/art_object_list/art_object_list_tile.dart
DA:5,1
DA:10,1
DA:20,1
DA:22,1
DA:29,1
DA:30,1
DA:31,1
DA:32,1
DA:34,1
DA:35,1
DA:37,1
DA:38,1
DA:40,1
DA:41,1
DA:43,1
DA:45,1
DA:48,2
DA:62,1
DA:66,1
DA:71,1
DA:73,1
DA:75,1
DA:76,1
DA:87,1
DA:90,1
DA:94,1
DA:96,1
DA:97,1
DA:98,1
LF:29
LH:29
end_of_record
SF:./lib/art_object_list/art_object_list_view.dart
DA:13,1
DA:15,1
DA:16,1
DA:23,1
DA:25,1
DA:26,3
DA:27,3
DA:30,1
DA:32,1
DA:34,1
DA:35,1
DA:36,0
DA:37,0
DA:38,0
DA:39,0
DA:42,0
DA:43,0
DA:45,0
DA:47,1
DA:48,2
DA:50,1
DA:51,1
DA:52,0
DA:53,0
DA:56,1
DA:59,0
DA:60,0
DA:62,0
DA:63,0
DA:65,1
DA:66,0
DA:67,0
DA:68,0
DA:76,1
DA:78,2
DA:79,1
DA:82,0
DA:84,0
DA:85,0
DA:89,0
DA:90,0
DA:93,0
DA:94,0
DA:95,0
DA:96,0
DA:97,0
DA:102,1
DA:116,1
DA:118,1
DA:119,1
DA:120,1
DA:121,1
DA:122,3
DA:123,2
DA:124,1
DA:125,2
DA:126,1
DA:127,2
DA:128,2
DA:129,0
DA:132,4
DA:133,1
DA:140,1
DA:144,1
DA:149,1
DA:151,1
DA:153,1
DA:154,1
DA:160,1
DA:162,0
DA:164,1
DA:166,1
DA:168,1
DA:177,0
DA:180,0
DA:184,0
DA:186,0
DA:187,0
DA:188,0
DA:189,0
DA:191,0
LF:81
LH:45
end_of_record
SF:./lib/image_gallery/full_screen_image_page.dart
DA:6,1
DA:9,0
DA:13,1
DA:15,2
LF:4
LH:3
end_of_record
SF:./lib/image_gallery/full_screen_image_view.dart
DA:8,1
DA:11,1
DA:15,1
DA:17,1
DA:19,1
DA:20,2
DA:21,1
DA:23,1
DA:25,2
DA:26,0
DA:27,0
DA:28,0
DA:29,0
DA:32,0
DA:36,1
DA:37,2
DA:38,1
LF:17
LH:12
end_of_record
SF:./packages/test_app_ui_kit/lib/src/golden/golden_runner_scenario.dart
DA:4,2
LF:1
LH:1
end_of_record
SF:./packages/test_app_ui_kit/lib/src/app_bar/app_bar_fabric.dart
DA:4,1
DA:5,1
DA:6,1
LF:3
LH:3
end_of_record
SF:./packages/test_app_ui_kit/lib/src/app_font_loader.dart
DA:23,1
DA:24,1
DA:25,3
DA:27,2
DA:29,2
DA:30,2
DA:31,2
DA:32,4
DA:34,2
DA:38,1
DA:39,1
DA:40,1
DA:41,1
DA:42,2
DA:43,2
DA:46,2
DA:47,1
DA:48,1
DA:49,0
DA:50,0
LF:20
LH:18
end_of_record
SF:./packages/test_app_ui_kit/lib/src/button/transparent_button.dart
DA:4,1
DA:9,1
DA:15,1
DA:17,1
DA:18,1
DA:21,2
DA:22,1
DA:23,1
LF:8
LH:8
end_of_record
SF:./packages/test_app_ui_kit/lib/src/common/material_app_widget.dart
DA:5,1
DA:8,1
DA:12,1
DA:14,1
DA:16,1
DA:17,1
DA:18,1
DA:19,1
DA:20,1
DA:21,4
DA:22,2
DA:25,0
LF:12
LH:11
end_of_record
SF:./packages/test_app_ui_kit/lib/src/common/offset_space.dart
DA:4,1
DA:8,0
DA:10,1
DA:14,0
DA:16,1
DA:20,0
DA:25,1
DA:27,2
DA:28,2
DA:29,1
DA:32,1
DA:37,1
DA:39,1
DA:41,1
DA:43,1
DA:45,0
DA:51,1
LF:17
LH:13
end_of_record
SF:./packages/test_app_ui_kit/lib/src/common/simple_loader.dart
DA:4,2
DA:6,1
LF:2
LH:2
end_of_record
SF:./packages/test_app_ui_kit/lib/src/golden/golden_runner.dart
DA:9,1
DA:14,2
DA:15,2
DA:16,1
DA:17,2
DA:18,1
DA:19,2
DA:21,1
DA:22,2
DA:23,2
DA:24,1
DA:25,2
DA:30,1
DA:32,1
DA:34,5
LF:15
LH:15
end_of_record
SF:./packages/test_app_ui_kit/lib/src/golden/golden_runner_scenario_list_widget.dart
DA:6,1
DA:9,1
DA:13,1
DA:15,1
DA:17,1
DA:18,1
DA:21,3
DA:22,1
DA:23,1
DA:31,1
DA:35,1
DA:37,1
DA:40,1
DA:41,3
DA:42,1
DA:44,1
DA:45,2
DA:52,1
DA:54,1
DA:56,2
LF:20
LH:20
end_of_record
SF:./packages/test_app_ui_kit/lib/src/image/circle_loadable_image.dart
DA:6,1
DA:13,0
DA:21,1
DA:23,1
DA:24,2
DA:25,2
DA:26,1
DA:27,3
DA:28,1
DA:30,1
DA:33,1
DA:34,1
DA:36,1
DA:37,1
DA:38,1
DA:39,1
DA:40,1
LF:17
LH:16
end_of_record
SF:./packages/test_app_ui_kit/lib/src/image/loadable_image.dart
DA:8,1
DA:12,1
DA:17,1
DA:19,1
DA:20,1
DA:21,1
DA:22,1
DA:24,1
DA:25,0
LF:9
LH:8
end_of_record
SF:./packages/test_app_ui_kit/lib/src/snack_bar/snack_bar_widget.dart
DA:4,1
DA:7,1
DA:12,1
DA:16,1
DA:17,1
DA:20,2
DA:21,2
DA:24,1
DA:25,1
DA:27,0
LF:10
LH:9
end_of_record
SF:./packages/test_app_ui_kit/lib/src/text/simple_text.dart
DA:4,2
DA:14,1
DA:21,1
DA:23,1
DA:24,1
DA:25,1
DA:26,1
DA:27,1
LF:8
LH:8
end_of_record
SF:./packages/test_app_ui_kit/lib/src/text/title_text.dart
DA:5,1
DA:10,0
DA:16,1
DA:18,1
DA:19,1
DA:20,1
DA:26,1
LF:7
LH:6
end_of_record
