SF:lib/models/art_object/art_object.g.dart
DA:11,2
DA:12,1
DA:13,1
DA:14,1
DA:16,2
DA:17,1
DA:18,1
DA:19,1
DA:21,2
DA:24,0
DA:25,0
DA:26,0
DA:27,0
DA:28,0
DA:29,0
DA:30,0
LF:16
LH:9
end_of_record
SF:lib/models/art_object/art_object.dart
DA:8,1
DA:24,1
DA:25,1
LF:3
LH:3
end_of_record
SF:lib/models/art_object_dating/art_object_dating.g.dart
DA:11,1
DA:12,1
DA:13,1
DA:16,0
DA:17,0
DA:18,0
LF:6
LH:3
end_of_record
SF:lib/models/art_object_dating/art_object_dating.dart
DA:6,1
DA:12,1
DA:13,1
LF:3
LH:3
end_of_record
SF:lib/models/web_image/web_image.g.dart
DA:11,2
DA:12,1
DA:13,1
DA:16,0
DA:17,0
DA:18,0
LF:6
LH:3
end_of_record
SF:lib/models/web_image/web_image.dart
DA:6,1
DA:14,1
DA:15,1
LF:3
LH:3
end_of_record
SF:lib/models/art_object_detail/art_object_detail.dart
DA:7,1
DA:13,1
DA:14,1
LF:3
LH:3
end_of_record
SF:lib/models/art_object_detail/art_object_detail.g.dart
DA:11,1
DA:12,1
DA:13,2
DA:16,0
DA:17,0
DA:18,0
LF:6
LH:3
end_of_record
SF:lib/models/art_object_pack/art_object_pack.dart
DA:7,1
DA:15,1
DA:16,1
LF:3
LH:3
end_of_record
SF:lib/models/art_object_pack/art_object_pack.g.dart
DA:11,1
DA:12,1
DA:13,1
DA:14,1
DA:15,3
DA:16,1
DA:19,0
DA:20,0
DA:21,0
DA:22,0
LF:10
LH:6
end_of_record
SF:lib/rijks_api_client.dart
DA:20,1
DA:21,1
DA:27,1
DA:31,1
DA:33,1
DA:34,1
DA:36,1
DA:41,2
DA:42,1
DA:43,1
DA:46,1
DA:47,1
DA:50,1
DA:51,1
DA:56,2
DA:57,1
DA:58,1
DA:61,1
DA:62,3
DA:63,2
DA:64,1
DA:66,1
DA:67,1
DA:69,1
DA:70,1
LF:25
LH:25
end_of_record
