SF:lib/pages/art_object_detail/bloc/art_object_detail_bloc.dart
DA:13,1
DA:14,1
DA:15,2
DA:20,1
DA:24,4
DA:25,3
DA:28,1
DA:30,3
DA:31,0
DA:34,3
DA:35,2
DA:37,2
DA:41,0
DA:42,0
DA:46,0
DA:47,0
DA:49,0
DA:51,0
DA:52,0
DA:56,0
DA:57,0
DA:62,0
LF:22
LH:11
end_of_record
SF:lib/pages/art_object_detail/bloc/art_object_detail_event.dart
DA:5,1
DA:7,0
DA:8,0
DA:12,1
DA:16,0
DA:17,0
LF:6
LH:2
end_of_record
SF:lib/pages/art_object_detail/bloc/art_object_detail_state.dart
DA:4,3
DA:7,4
DA:17,1
DA:22,1
DA:23,1
DA:24,0
DA:29,1
DA:30,1
DA:31,1
DA:32,1
DA:33,1
LF:11
LH:10
end_of_record
SF:lib/widgets/app_bar_fabric.dart
DA:4,1
DA:5,1
DA:6,1
LF:3
LH:3
end_of_record
SF:lib/widgets/circle_loadable_image.dart
DA:5,1
DA:12,0
DA:20,1
DA:22,1
DA:23,2
DA:24,2
DA:25,1
DA:26,3
DA:27,1
DA:29,1
DA:32,1
DA:33,1
DA:35,1
DA:36,0
DA:37,1
DA:38,1
DA:39,1
LF:17
LH:15
end_of_record
SF:lib/widgets/loadable_image.dart
DA:7,1
DA:11,1
DA:16,1
DA:18,1
DA:19,1
DA:20,1
DA:22,1
DA:23,1
DA:24,0
LF:9
LH:8
end_of_record
SF:lib/widgets/offset_space.dart
DA:4,1
DA:8,0
DA:10,0
DA:14,0
DA:16,0
DA:20,0
DA:25,1
DA:27,2
DA:28,2
DA:29,1
DA:32,1
DA:37,0
DA:39,0
DA:41,0
DA:43,0
DA:45,0
DA:51,1
LF:17
LH:7
end_of_record
SF:lib/widgets/simple_loader.dart
DA:4,2
DA:6,1
LF:2
LH:2
end_of_record
SF:lib/widgets/simple_text.dart
DA:4,2
DA:15,1
DA:23,1
DA:25,1
DA:26,0
DA:27,0
DA:28,0
DA:29,0
DA:30,0
DA:31,0
DA:34,1
DA:35,1
DA:36,1
DA:37,1
DA:38,1
DA:44,1
DA:50,1
DA:57,1
DA:59,1
DA:60,1
DA:61,1
DA:62,1
DA:63,1
LF:23
LH:17
end_of_record
SF:lib/widgets/title_text.dart
DA:5,1
DA:11,0
DA:18,1
DA:20,1
DA:21,1
DA:22,1
DA:23,1
DA:29,1
LF:8
LH:7
end_of_record
SF:lib/widgets/transparent_button.dart
DA:4,1
DA:9,1
DA:15,1
DA:17,1
DA:18,1
DA:21,2
DA:22,1
DA:23,1
LF:8
LH:8
end_of_record
SF:lib/pages/art_object_list/bloc/art_object_list_bloc.dart
DA:15,1
DA:16,1
DA:17,1
DA:18,1
DA:19,1
DA:21,2
DA:32,1
DA:33,1
DA:34,1
DA:35,1
DA:38,1
DA:42,2
DA:43,0
DA:47,3
DA:48,2
DA:51,3
DA:54,3
DA:57,2
DA:60,1
DA:61,0
DA:67,1
DA:72,0
DA:73,0
DA:77,0
DA:78,0
DA:80,0
DA:82,0
DA:83,0
DA:87,0
DA:88,0
DA:93,0
DA:100,1
DA:104,1
DA:106,2
DA:107,2
DA:110,1
DA:112,3
DA:118,4
DA:119,1
DA:120,1
DA:121,1
DA:123,3
DA:132,0
DA:137,0
DA:138,0
DA:145,0
DA:146,0
DA:147,0
DA:149,0
DA:154,1
DA:160,4
DA:161,3
DA:163,4
DA:169,1
DA:170,1
DA:171,1
DA:173,1
LF:57
LH:38
end_of_record
SF:lib/pages/art_object_list/bloc/art_object_list_event.dart
DA:4,0
DA:5,0
LF:2
LH:0
end_of_record
SF:lib/pages/art_object_list/bloc/art_object_list_state.dart
DA:4,2
DA:7,3
DA:23,1
DA:31,1
DA:32,0
DA:33,0
DA:34,0
DA:36,1
DA:37,0
DA:41,1
DA:42,1
DA:43,1
DA:44,1
DA:45,1
DA:46,1
DA:47,1
LF:16
LH:12
end_of_record
SF:lib/pages/art_object_list/models/art_object_list_item.dart
DA:5,2
DA:15,1
DA:16,1
DA:17,1
DA:18,1
DA:19,1
LF:6
LH:6
end_of_record
